<?xml version="1.0" encoding="UTF-8"?>
<!-- Generated by org.testng.reporters.JUnitReportReporter -->
<testsuite hostname="LAPTOP-OD8DFLVQ" failures="0" tests="3" name="TestNG_EX.LoginTest" time="0.041" errors="0" timestamp="2024-07-17T23:16:00 EDT" skipped="0">
  <testcase classname="TestNG_EX.LoginTest" name="loginByEmail" time="0.021"/>
  <system-out/>
  <testcase classname="TestNG_EX.LoginTest" name="loginByFacebook" time="0.006"/>
  <system-out/>
  <testcase classname="TestNG_EX.LoginTest" name="loginBytwitter" time="0.014"/>
  <system-out/>
</testsuite> <!-- TestNG_EX.LoginTest -->
