<?xml version="1.0" encoding="UTF-8"?>
<!-- Generated by org.testng.reporters.JUnitReportReporter -->
<testsuite hostname="LAPTOP-OD8DFLVQ" failures="0" tests="2" name="TestNG_EX.AllAnotation" time="0.023" errors="0" timestamp="2024-07-12T11:52:12 EDT" skipped="0">
  <testcase classname="TestNG_EX.AllAnotation" name="tm1" time="0.018"/>
  <system-out/>
  <testcase classname="TestNG_EX.AllAnotation" name="tm2" time="0.005"/>
  <system-out/>
</testsuite> <!-- TestNG_EX.AllAnotation -->
