<?xml version="1.0" encoding="UTF-8"?>
<!-- Generated by org.testng.reporters.JUnitReportReporter -->
<testsuite hostname="LAPTOP-OD8DFLVQ" failures="0" tests="2" name="TestNG_EX.EX_day2" time="0.018" errors="0" timestamp="2024-07-12T11:50:00 EDT" skipped="0">
  <testcase classname="TestNG_EX.EX_day2" name="search" time="0.012"/>
  <system-out/>
  <testcase classname="TestNG_EX.EX_day2" name="Reg" time="0.006"/>
  <system-out/>
</testsuite> <!-- TestNG_EX.EX_day2 -->
