<?xml version="1.0" encoding="UTF-8"?>
<!-- Generated by org.testng.reporters.JUnitReportReporter -->
<testsuite hostname="LAPTOP-OD8DFLVQ" failures="0" tests="3" name="TestNG_EX.SignupTest$SignupTests" time="0.042" errors="0" timestamp="2024-07-17T23:19:13 EDT" skipped="0">
  <testcase classname="TestNG_EX.SignupTest$SignupTests" name="signupbyfacebook" time="0.009"/>
  <system-out/>
  <testcase classname="TestNG_EX.SignupTest$SignupTests" name="signupbyemail" time="0.017"/>
  <system-out/>
  <testcase classname="TestNG_EX.SignupTest$SignupTests" name="signupbytwitter" time="0.016"/>
  <system-out/>
</testsuite> <!-- TestNG_EX.SignupTest$SignupTests -->
