<?xml version="1.0" encoding="UTF-8"?>
<!-- Generated by org.testng.reporters.JUnitReportReporter -->
<testsuite hostname="LAPTOP-OD8DFLVQ" failures="0" tests="2" name="TestNG_EX.Paymenttest" time="0.058" errors="0" timestamp="2024-07-17T23:19:13 EDT" skipped="0">
  <testcase classname="TestNG_EX.Paymenttest" name="paymentinRupees" time="0.052"/>
  <system-out/>
  <testcase classname="TestNG_EX.Paymenttest" name="paymentinDollars" time="0.006"/>
  <system-out/>
</testsuite> <!-- TestNG_EX.Paymenttest -->
