<?xml version="1.0" encoding="UTF-8"?>
<!-- Generated by org.testng.reporters.JUnitReportReporter -->
<testsuite hostname="LAPTOP-OD8DFLVQ" failures="0" tests="4" name="TestNG_EX.B_class" time="0.025" errors="0" timestamp="2024-07-14T23:22:39 EDT" skipped="0">
  <testcase classname="TestNG_EX.B_class" name="f" time="0.006"/>
  <system-out/>
  <testcase classname="TestNG_EX.B_class" name="g" time="0.004"/>
  <system-out/>
  <testcase classname="TestNG_EX.B_class" name="f" time="0.006"/>
  <system-out/>
  <testcase classname="TestNG_EX.B_class" name="g" time="0.009"/>
  <system-out/>
</testsuite> <!-- TestNG_EX.B_class -->
