<?xml version="1.0" encoding="UTF-8"?>
<!-- Generated by org.testng.reporters.JUnitReportReporter -->
<testsuite hostname="LAPTOP-OD8DFLVQ" failures="0" tests="1" name="TestNG_EX.Ex_day11" time="0.020" errors="0" timestamp="2024-07-12T11:50:00 EDT" skipped="0">
  <testcase classname="TestNG_EX.Ex_day11" name="ad_search" time="0.020"/>
  <system-out/>
</testsuite> <!-- TestNG_EX.Ex_day11 -->
