<?xml version="1.0" encoding="UTF-8"?>
<!-- Generated by org.testng.reporters.JUnitReportReporter -->
<testsuite hostname="LAPTOP-OD8DFLVQ" failures="0" tests="3" name="TestNG_EX.FirstTestNGProgram" time="0.047" errors="0" timestamp="2024-07-11T23:02:51 EDT" skipped="0">
  <testcase classname="TestNG_EX.FirstTestNGProgram" name="m2" time="0.006"/>
  <system-out/>
  <testcase classname="TestNG_EX.FirstTestNGProgram" name="m" time="0.030"/>
  <system-out/>
  <testcase classname="TestNG_EX.FirstTestNGProgram" name="m1" time="0.011"/>
  <system-out/>
</testsuite> <!-- TestNG_EX.FirstTestNGProgram -->
